[06-Mar-2017 21:23:44 UTC] PHP Warning:  mysqli_close() expects parameter 1 to be mysqli, null given in /home/ubuntu/workspace/includes/report_populate_helper.php on line 32
[06-Mar-2017 21:23:44 UTC] PHP Stack trace:
[06-Mar-2017 21:23:44 UTC] PHP   1. {main}() /home/ubuntu/workspace/includes/report_populate_helper.php:0
[06-Mar-2017 21:23:44 UTC] PHP   2. mysqli_close() /home/ubuntu/workspace/includes/report_populate_helper.php:32
[06-Mar-2017 22:00:42 UTC] PHP Warning:  mysqli_fetch_field() expects parameter 1 to be mysqli_result, null given in /home/ubuntu/workspace/includes/report_populate_helper.php on line 12
[06-Mar-2017 22:00:42 UTC] PHP Stack trace:
[06-Mar-2017 22:00:42 UTC] PHP   1. {main}() /home/ubuntu/workspace/includes/report_populate_helper.php:0
[06-Mar-2017 22:00:42 UTC] PHP   2. mysqli_fetch_field() /home/ubuntu/workspace/includes/report_populate_helper.php:12
[07-Mar-2017 21:37:19 UTC] PHP Warning:  mysqli_fetch_field() expects parameter 1 to be mysqli_result, null given in /home/ubuntu/workspace/includes/report_populate_helper.php on line 12
[07-Mar-2017 21:37:19 UTC] PHP Stack trace:
[07-Mar-2017 21:37:19 UTC] PHP   1. {main}() /home/ubuntu/workspace/includes/report_populate_helper.php:0
[07-Mar-2017 21:37:19 UTC] PHP   2. mysqli_fetch_field() /home/ubuntu/workspace/includes/report_populate_helper.php:12
[07-Mar-2017 21:42:02 UTC] PHP Warning:  mysqli_fetch_fields() expects parameter 1 to be mysqli_result, null given in /home/ubuntu/workspace/includes/report_populate_helper.php on line 12
[07-Mar-2017 21:42:02 UTC] PHP Stack trace:
[07-Mar-2017 21:42:02 UTC] PHP   1. {main}() /home/ubuntu/workspace/includes/report_populate_helper.php:0
[07-Mar-2017 21:42:02 UTC] PHP   2. mysqli_fetch_fields() /home/ubuntu/workspace/includes/report_populate_helper.php:12
[07-Mar-2017 21:43:07 UTC] PHP Catchable fatal error:  Object of class stdClass could not be converted to string in /home/ubuntu/workspace/includes/report_populate_helper.php on line 15
[07-Mar-2017 21:43:07 UTC] PHP Stack trace:
[07-Mar-2017 21:43:07 UTC] PHP   1. {main}() /home/ubuntu/workspace/includes/report_populate_helper.php:0
[07-Mar-2017 21:46:38 UTC] PHP Catchable fatal error:  Object of class stdClass could not be converted to string in /home/ubuntu/workspace/includes/report_populate_helper.php on line 15
[07-Mar-2017 21:46:38 UTC] PHP Stack trace:
[07-Mar-2017 21:46:38 UTC] PHP   1. {main}() /home/ubuntu/workspace/includes/report_populate_helper.php:0
[07-Mar-2017 21:55:16 UTC] PHP Warning:  mysqli_fetch_field() expects parameter 1 to be mysqli_result, null given in /home/ubuntu/workspace/includes/report_populate_helper.php on line 13
[07-Mar-2017 21:55:16 UTC] PHP Stack trace:
[07-Mar-2017 21:55:16 UTC] PHP   1. {main}() /home/ubuntu/workspace/includes/report_populate_helper.php:0
[07-Mar-2017 21:55:16 UTC] PHP   2. mysqli_fetch_field() /home/ubuntu/workspace/includes/report_populate_helper.php:13
[07-Mar-2017 21:58:45 UTC] PHP Catchable fatal error:  Object of class mysqli_result could not be converted to string in /home/ubuntu/workspace/includes/report_populate_helper.php on line 17
[07-Mar-2017 21:58:45 UTC] PHP Stack trace:
[07-Mar-2017 21:58:45 UTC] PHP   1. {main}() /home/ubuntu/workspace/includes/report_populate_helper.php:0
[07-Mar-2017 22:48:37 UTC] PHP Warning:  mysqli_query(): Couldn't fetch mysqli in /home/ubuntu/workspace/includes/report_populate_helper.php on line 36
[07-Mar-2017 22:48:37 UTC] PHP Stack trace:
[07-Mar-2017 22:48:37 UTC] PHP   1. {main}() /home/ubuntu/workspace/includes/report_populate_helper.php:0
[07-Mar-2017 22:48:37 UTC] PHP   2. mysqli_query() /home/ubuntu/workspace/includes/report_populate_helper.php:36
[07-Mar-2017 22:48:37 UTC] PHP Warning:  mysqli_error(): Couldn't fetch mysqli in /home/ubuntu/workspace/includes/report_populate_helper.php on line 53
[07-Mar-2017 22:48:37 UTC] PHP Stack trace:
[07-Mar-2017 22:48:37 UTC] PHP   1. {main}() /home/ubuntu/workspace/includes/report_populate_helper.php:0
[07-Mar-2017 22:48:37 UTC] PHP   2. mysqli_error() /home/ubuntu/workspace/includes/report_populate_helper.php:53
[07-Mar-2017 22:48:37 UTC] PHP Warning:  mysqli_close(): Couldn't fetch mysqli in /home/ubuntu/workspace/includes/report_populate_helper.php on line 56
[07-Mar-2017 22:48:37 UTC] PHP Stack trace:
[07-Mar-2017 22:48:37 UTC] PHP   1. {main}() /home/ubuntu/workspace/includes/report_populate_helper.php:0
[07-Mar-2017 22:48:37 UTC] PHP   2. mysqli_close() /home/ubuntu/workspace/includes/report_populate_helper.php:56
[07-Mar-2017 22:49:38 UTC] PHP Warning:  mysqli_query(): Couldn't fetch mysqli in /home/ubuntu/workspace/includes/report_populate_helper.php on line 36
[07-Mar-2017 22:49:38 UTC] PHP Stack trace:
[07-Mar-2017 22:49:38 UTC] PHP   1. {main}() /home/ubuntu/workspace/includes/report_populate_helper.php:0
[07-Mar-2017 22:49:38 UTC] PHP   2. mysqli_query() /home/ubuntu/workspace/includes/report_populate_helper.php:36
[07-Mar-2017 22:49:38 UTC] PHP Warning:  mysqli_error(): Couldn't fetch mysqli in /home/ubuntu/workspace/includes/report_populate_helper.php on line 53
[07-Mar-2017 22:49:38 UTC] PHP Stack trace:
[07-Mar-2017 22:49:38 UTC] PHP   1. {main}() /home/ubuntu/workspace/includes/report_populate_helper.php:0
[07-Mar-2017 22:49:38 UTC] PHP   2. mysqli_error() /home/ubuntu/workspace/includes/report_populate_helper.php:53
[07-Mar-2017 22:49:38 UTC] PHP Warning:  mysqli_close(): Couldn't fetch mysqli in /home/ubuntu/workspace/includes/report_populate_helper.php on line 56
[07-Mar-2017 22:49:38 UTC] PHP Stack trace:
[07-Mar-2017 22:49:38 UTC] PHP   1. {main}() /home/ubuntu/workspace/includes/report_populate_helper.php:0
[07-Mar-2017 22:49:38 UTC] PHP   2. mysqli_close() /home/ubuntu/workspace/includes/report_populate_helper.php:56
[07-Mar-2017 22:50:12 UTC] PHP Parse error:  syntax error, unexpected '$_POST' (T_VARIABLE), expecting identifier (T_STRING) in /home/ubuntu/workspace/includes/report_populate_helper.php on line 40
[07-Mar-2017 22:50:26 UTC] PHP Parse error:  syntax error, unexpected '$_POST' (T_VARIABLE), expecting identifier (T_STRING) in /home/ubuntu/workspace/includes/report_populate_helper.php on line 40
[07-Mar-2017 22:50:47 UTC] PHP Warning:  mysqli_query(): Couldn't fetch mysqli in /home/ubuntu/workspace/includes/report_populate_helper.php on line 36
[07-Mar-2017 22:50:47 UTC] PHP Stack trace:
[07-Mar-2017 22:50:47 UTC] PHP   1. {main}() /home/ubuntu/workspace/includes/report_populate_helper.php:0
[07-Mar-2017 22:50:47 UTC] PHP   2. mysqli_query() /home/ubuntu/workspace/includes/report_populate_helper.php:36
[07-Mar-2017 22:50:47 UTC] PHP Warning:  mysqli_error(): Couldn't fetch mysqli in /home/ubuntu/workspace/includes/report_populate_helper.php on line 53
[07-Mar-2017 22:50:47 UTC] PHP Stack trace:
[07-Mar-2017 22:50:47 UTC] PHP   1. {main}() /home/ubuntu/workspace/includes/report_populate_helper.php:0
[07-Mar-2017 22:50:47 UTC] PHP   2. mysqli_error() /home/ubuntu/workspace/includes/report_populate_helper.php:53
[07-Mar-2017 22:50:47 UTC] PHP Warning:  mysqli_close(): Couldn't fetch mysqli in /home/ubuntu/workspace/includes/report_populate_helper.php on line 56
[07-Mar-2017 22:50:47 UTC] PHP Stack trace:
[07-Mar-2017 22:50:47 UTC] PHP   1. {main}() /home/ubuntu/workspace/includes/report_populate_helper.php:0
[07-Mar-2017 22:50:47 UTC] PHP   2. mysqli_close() /home/ubuntu/workspace/includes/report_populate_helper.php:56
[07-Mar-2017 22:51:18 UTC] PHP Warning:  mysqli_query(): Couldn't fetch mysqli in /home/ubuntu/workspace/includes/report_populate_helper.php on line 36
[07-Mar-2017 22:51:18 UTC] PHP Stack trace:
[07-Mar-2017 22:51:18 UTC] PHP   1. {main}() /home/ubuntu/workspace/includes/report_populate_helper.php:0
[07-Mar-2017 22:51:18 UTC] PHP   2. mysqli_query() /home/ubuntu/workspace/includes/report_populate_helper.php:36
[07-Mar-2017 22:51:18 UTC] PHP Warning:  mysqli_error(): Couldn't fetch mysqli in /home/ubuntu/workspace/includes/report_populate_helper.php on line 53
[07-Mar-2017 22:51:18 UTC] PHP Stack trace:
[07-Mar-2017 22:51:18 UTC] PHP   1. {main}() /home/ubuntu/workspace/includes/report_populate_helper.php:0
[07-Mar-2017 22:51:18 UTC] PHP   2. mysqli_error() /home/ubuntu/workspace/includes/report_populate_helper.php:53
[07-Mar-2017 22:51:18 UTC] PHP Warning:  mysqli_close(): Couldn't fetch mysqli in /home/ubuntu/workspace/includes/report_populate_helper.php on line 56
[07-Mar-2017 22:51:18 UTC] PHP Stack trace:
[07-Mar-2017 22:51:18 UTC] PHP   1. {main}() /home/ubuntu/workspace/includes/report_populate_helper.php:0
[07-Mar-2017 22:51:18 UTC] PHP   2. mysqli_close() /home/ubuntu/workspace/includes/report_populate_helper.php:56
[12-Apr-2017 16:15:08 UTC] PHP Fatal error:  Call to undefined function str_trim() in /home/ubuntu/workspace/includes/modal_helper.php on line 16
[12-Apr-2017 16:15:08 UTC] PHP Stack trace:
[12-Apr-2017 16:15:08 UTC] PHP   1. {main}() /home/ubuntu/workspace/includes/modal_helper.php:0
[17-Apr-2017 17:05:58 UTC] PHP Fatal error:  Call to undefined function str_trim() in /home/ubuntu/workspace/includes/modal_helper.php on line 11
[17-Apr-2017 17:05:58 UTC] PHP Stack trace:
[17-Apr-2017 17:05:58 UTC] PHP   1. {main}() /home/ubuntu/workspace/includes/modal_helper.php:0
[17-Apr-2017 17:06:17 UTC] PHP Fatal error:  Call to undefined function str_trim() in /home/ubuntu/workspace/includes/modal_helper.php on line 11
[17-Apr-2017 17:06:17 UTC] PHP Stack trace:
[17-Apr-2017 17:06:17 UTC] PHP   1. {main}() /home/ubuntu/workspace/includes/modal_helper.php:0
[17-Apr-2017 20:01:52 UTC] PHP Fatal error:  Call to undefined function str_trim() in /home/ubuntu/workspace/includes/modal_helper.php on line 6
[17-Apr-2017 20:01:52 UTC] PHP Stack trace:
[17-Apr-2017 20:01:52 UTC] PHP   1. {main}() /home/ubuntu/workspace/includes/modal_helper.php:0
[17-Apr-2017 20:04:15 UTC] PHP Fatal error:  Call to undefined function str_trim() in /home/ubuntu/workspace/includes/modal_helper.php on line 11
[17-Apr-2017 20:04:15 UTC] PHP Stack trace:
[17-Apr-2017 20:04:15 UTC] PHP   1. {main}() /home/ubuntu/workspace/includes/modal_helper.php:0
